<?xml version="1.0" encoding="UTF-8"?>
<!-- Generated by org.testng.reporters.JUnitReportReporter -->
<testsuite name="testcases.TC003" tests="1" time="12.585" ignored="0" failures="0" timestamp="20 Jul 2020 00:15:29 GMT" skipped="0" hostname="LAPTOP-NRKGUU4N" errors="0">
  <testcase name="meth" time="12.585" classname="testcases.TC003"/>
</testsuite> <!-- testcases.TC003 -->
