<?xml version="1.0" encoding="UTF-8"?>
<!-- Generated by org.testng.reporters.JUnitReportReporter -->
<testsuite name="testcases.TC003" tests="1" time="6.303" ignored="0" failures="0" timestamp="21 Jul 2020 19:52:30 GMT" skipped="0" hostname="LAPTOP-NRKGUU4N" errors="0">
  <testcase name="meth" time="6.303" classname="testcases.TC003"/>
</testsuite> <!-- testcases.TC003 -->
