<?xml version="1.0" encoding="UTF-8"?>
<!-- Generated by org.testng.reporters.JUnitReportReporter -->
<testsuite name="testcases.TC001" tests="1" time="19.688" ignored="0" failures="0" timestamp="16 Jan 2021 23:10:25 GMT" skipped="0" hostname="LAPTOP-NRKGUU4N" errors="0">
  <testcase name="meth" time="19.688" classname="testcases.TC001"/>
</testsuite> <!-- testcases.TC001 -->
