<?xml version="1.0" encoding="UTF-8"?>
<!-- Generated by org.testng.reporters.JUnitReportReporter -->
<testsuite name="testcases.TC001" tests="1" time="5.957" ignored="0" failures="0" timestamp="20 Jul 2020 00:15:29 GMT" skipped="0" hostname="LAPTOP-NRKGUU4N" errors="0">
  <testcase name="meth" time="5.957" classname="testcases.TC001"/>
</testsuite> <!-- testcases.TC001 -->
